D:\PROJECTDEV\CHINESEINFOSYS\CHINESEINFOSYS\X64\DEBUG\CHINESEINFOSYS.EXE.EMBED.MANIFEST
D:\PROJECTDEV\CHINESEINFOSYS\CHINESEINFOSYS\X64\DEBUG\CHINESEINFOSYS.EXE.EMBED.MANIFEST.RES
D:\ProjectDev\ChineseInfoSys\ChineseInfoSys\x64\Debug\ChineseInfoSys.exe.intermediate.manifest
D:\PROJECTDEV\CHINESEINFOSYS\CHINESEINFOSYS\X64\DEBUG\CHINESEINFOSYS.OBJ
D:\PROJECTDEV\CHINESEINFOSYS\CHINESEINFOSYS\X64\DEBUG\CHINESEINFOSYS.PCH
D:\ProjectDev\ChineseInfoSys\ChineseInfoSys\x64\Debug\ChineseInfoSys_manifest.rc
D:\ProjectDev\ChineseInfoSys\ChineseInfoSys\x64\Debug\cl.command.1.tlog
D:\ProjectDev\ChineseInfoSys\ChineseInfoSys\x64\Debug\CL.read.1.tlog
D:\ProjectDev\ChineseInfoSys\ChineseInfoSys\x64\Debug\CL.write.1.tlog
D:\PROJECTDEV\CHINESEINFOSYS\CHINESEINFOSYS\X64\DEBUG\CWMHMM.OBJ
D:\PROJECTDEV\CHINESEINFOSYS\CHINESEINFOSYS\X64\DEBUG\HMMMODEL.OBJ
D:\ProjectDev\ChineseInfoSys\ChineseInfoSys\x64\Debug\link.6888.read.1.tlog
D:\ProjectDev\ChineseInfoSys\ChineseInfoSys\x64\Debug\link.6888.write.1.tlog
D:\ProjectDev\ChineseInfoSys\ChineseInfoSys\x64\Debug\link.6888-cvtres.read.1.tlog
D:\ProjectDev\ChineseInfoSys\ChineseInfoSys\x64\Debug\link.6888-cvtres.write.1.tlog
D:\ProjectDev\ChineseInfoSys\ChineseInfoSys\x64\Debug\link.command.1.tlog
D:\ProjectDev\ChineseInfoSys\ChineseInfoSys\x64\Debug\link.read.1.tlog
D:\ProjectDev\ChineseInfoSys\ChineseInfoSys\x64\Debug\link.write.1.tlog
D:\ProjectDev\ChineseInfoSys\ChineseInfoSys\x64\Debug\link-cvtres.read.1.tlog
D:\ProjectDev\ChineseInfoSys\ChineseInfoSys\x64\Debug\link-cvtres.write.1.tlog
D:\PROJECTDEV\CHINESEINFOSYS\CHINESEINFOSYS\X64\DEBUG\MARKMODE.OBJ
D:\ProjectDev\ChineseInfoSys\ChineseInfoSys\x64\Debug\mt.command.1.tlog
D:\ProjectDev\ChineseInfoSys\ChineseInfoSys\x64\Debug\mt.read.1.tlog
D:\ProjectDev\ChineseInfoSys\ChineseInfoSys\x64\Debug\mt.write.1.tlog
D:\ProjectDev\ChineseInfoSys\ChineseInfoSys\x64\Debug\rc.command.1.tlog
D:\ProjectDev\ChineseInfoSys\ChineseInfoSys\x64\Debug\rc.read.1.tlog
D:\ProjectDev\ChineseInfoSys\ChineseInfoSys\x64\Debug\rc.write.1.tlog
D:\PROJECTDEV\CHINESEINFOSYS\CHINESEINFOSYS\X64\DEBUG\SPLITMODEL.OBJ
D:\PROJECTDEV\CHINESEINFOSYS\CHINESEINFOSYS\X64\DEBUG\STDAFX.OBJ
D:\ProjectDev\ChineseInfoSys\ChineseInfoSys\x64\Debug\vc100.idb
D:\PROJECTDEV\CHINESEINFOSYS\CHINESEINFOSYS\X64\DEBUG\VC100.PDB
D:\PROJECTDEV\CHINESEINFOSYS\CHINESEINFOSYS\X64\DEBUG\WORDMARK.OBJ
D:\PROJECTDEV\CHINESEINFOSYS\CHINESEINFOSYS\X64\DEBUG\WORDSPLIT.OBJ
D:\ProjectDev\ChineseInfoSys\x64\Debug\ChineseInfoSys.pdb
